2021-03-20 15:57:08,812  INFO [main] ContactsPageTest:28 - TESTING LOGGER
2021-03-20 15:57:08,837  INFO [main] HomePageTest:28 - TESTING LOGGER
2021-03-20 15:57:08,841  INFO [main] LoginPageTest:28 - TESTING LOGGER
2021-03-20 15:57:11,398  INFO [main] WebEventListener:28 - TESTING LOGGER
2021-03-20 15:57:16,827  INFO [main] TestUtil:28 - TESTING LOGGER
2021-03-20 15:57:16,829  INFO [main] LoginPage:28 - TESTING LOGGER
2021-03-20 15:57:22,568  INFO [main] HomePage:28 - TESTING LOGGER
2021-03-20 15:57:23,832  INFO [main] ContactsPage:28 - TESTING LOGGER
2021-03-20 15:57:25,347  INFO [main] WebEventListener:28 - TESTING LOGGER
2021-03-20 15:57:30,961  INFO [main] TestUtil:28 - TESTING LOGGER
2021-03-20 15:57:30,962  INFO [main] LoginPage:28 - TESTING LOGGER
2021-03-20 15:57:36,667  INFO [main] HomePage:28 - TESTING LOGGER
2021-03-20 15:57:38,005  INFO [main] WebEventListener:28 - TESTING LOGGER
2021-03-20 15:57:43,414  INFO [main] TestUtil:28 - TESTING LOGGER
2021-03-20 15:57:43,415  INFO [main] LoginPage:28 - TESTING LOGGER
2021-03-20 15:57:43,417  INFO [main] HomePage:28 - TESTING LOGGER
2021-03-20 15:57:43,418  INFO [main] ContactsPage:28 - TESTING LOGGER
2021-03-20 15:57:49,316  INFO [main] HomePage:28 - TESTING LOGGER
2021-03-20 15:57:50,620  INFO [main] ContactsPage:28 - TESTING LOGGER
2021-03-20 15:57:50,622  INFO [main] ContactsPageTest:45 - CONTACTS LABEL TEXT____________----
2021-03-20 15:57:51,963  INFO [main] WebEventListener:28 - TESTING LOGGER
2021-03-20 15:57:57,658  INFO [main] LoginPage:28 - TESTING LOGGER
2021-03-20 15:57:58,952  INFO [main] WebEventListener:28 - TESTING LOGGER
2021-03-20 15:58:04,331  INFO [main] TestUtil:28 - TESTING LOGGER
2021-03-20 15:58:04,332  INFO [main] LoginPage:28 - TESTING LOGGER
2021-03-20 15:58:04,333  INFO [main] HomePage:28 - TESTING LOGGER
2021-03-20 15:58:04,334  INFO [main] ContactsPage:28 - TESTING LOGGER
2021-03-20 15:58:10,158  INFO [main] HomePage:28 - TESTING LOGGER
2021-03-20 15:58:11,423  INFO [main] ContactsPage:28 - TESTING LOGGER
2021-03-20 15:58:22,837  INFO [main] WebEventListener:28 - TESTING LOGGER
2021-03-20 15:58:28,250  INFO [main] LoginPage:28 - TESTING LOGGER
2021-03-20 15:58:29,731  INFO [main] WebEventListener:28 - TESTING LOGGER
2021-03-20 15:58:35,936  INFO [main] LoginPage:28 - TESTING LOGGER
2021-03-20 15:58:41,726  INFO [main] HomePage:28 - TESTING LOGGER
